<?xml version="1.0" encoding="UTF-8"?>
<testsuite failures="0" errors="0" skipped="0" tests="1" time="25.171563" name="Acessar site das bandeiras">
<testcase classname="Acessar site das bandeiras" name="Acessar site da bandeira selecionada com sucesso" time="25.171563">
  <system-out>
    <![CDATA[]]>
  </system-out>
  <system-err>
    <![CDATA[]]>
  </system-err>
</testcase>
</testsuite>
